01-Mar-2017 10:53:05.318 INFO [main] org.apache.catalina.core.AprLifecycleListener.init The APR based Apache Tomcat Native library which allows optimal performance in production environments was not found on the java.library.path: /usr/java/packages/lib/amd64:/usr/lib64:/lib64:/lib:/usr/lib
01-Mar-2017 10:53:05.500 INFO [main] org.apache.coyote.AbstractProtocol.init Initializing ProtocolHandler ["http-nio-8080"]
01-Mar-2017 10:53:05.526 INFO [main] org.apache.tomcat.util.net.NioSelectorPool.getSharedSelector Using a shared selector for servlet write/read
01-Mar-2017 10:53:05.528 INFO [main] org.apache.coyote.AbstractProtocol.init Initializing ProtocolHandler ["ajp-nio-8009"]
01-Mar-2017 10:53:05.529 INFO [main] org.apache.tomcat.util.net.NioSelectorPool.getSharedSelector Using a shared selector for servlet write/read
01-Mar-2017 10:53:05.529 INFO [main] org.apache.catalina.startup.Catalina.load Initialization processed in 523 ms
01-Mar-2017 10:53:05.578 INFO [main] org.apache.catalina.core.StandardService.startInternal Démarrage du service Catalina
01-Mar-2017 10:53:05.579 INFO [main] org.apache.catalina.core.StandardEngine.startInternal Starting Servlet Engine: Apache Tomcat/8.0.12
01-Mar-2017 10:53:05.588 INFO [localhost-startStop-1] org.apache.catalina.startup.HostConfig.deployDirectory Déploiement du répertoire /home/infoetu/haliprer/git/ProjetSecurite/tomcat8/webapps/vide de l'application web
01-Mar-2017 10:53:05.847 INFO [localhost-startStop-1] org.apache.jasper.servlet.TldScanner.scanJars At least one JAR was scanned for TLDs yet contained no TLDs. Enable debug logging for this logger for a complete list of JARs that were scanned but no TLDs were found in them. Skipping unneeded JARs during scanning can improve startup time and JSP compilation time.
01-Mar-2017 10:53:05.903 INFO [localhost-startStop-1] org.apache.catalina.startup.HostConfig.deployDirectory Deployment of web application directory /home/infoetu/haliprer/git/ProjetSecurite/tomcat8/webapps/vide has finished in 313 ms
01-Mar-2017 10:53:05.903 INFO [localhost-startStop-1] org.apache.catalina.startup.HostConfig.deployDirectory Déploiement du répertoire /home/infoetu/haliprer/git/ProjetSecurite/tomcat8/webapps/manager de l'application web
01-Mar-2017 10:53:05.998 INFO [localhost-startStop-1] org.apache.jasper.servlet.TldScanner.scanJars At least one JAR was scanned for TLDs yet contained no TLDs. Enable debug logging for this logger for a complete list of JARs that were scanned but no TLDs were found in them. Skipping unneeded JARs during scanning can improve startup time and JSP compilation time.
01-Mar-2017 10:53:06.003 INFO [localhost-startStop-1] org.apache.catalina.startup.HostConfig.deployDirectory Deployment of web application directory /home/infoetu/haliprer/git/ProjetSecurite/tomcat8/webapps/manager has finished in 99 ms
01-Mar-2017 10:53:06.003 INFO [localhost-startStop-1] org.apache.catalina.startup.HostConfig.deployDirectory Déploiement du répertoire /home/infoetu/haliprer/git/ProjetSecurite/tomcat8/webapps/host-manager de l'application web
01-Mar-2017 10:53:06.073 INFO [localhost-startStop-1] org.apache.jasper.servlet.TldScanner.scanJars At least one JAR was scanned for TLDs yet contained no TLDs. Enable debug logging for this logger for a complete list of JARs that were scanned but no TLDs were found in them. Skipping unneeded JARs during scanning can improve startup time and JSP compilation time.
01-Mar-2017 10:53:06.075 INFO [localhost-startStop-1] org.apache.catalina.startup.HostConfig.deployDirectory Deployment of web application directory /home/infoetu/haliprer/git/ProjetSecurite/tomcat8/webapps/host-manager has finished in 72 ms
01-Mar-2017 10:53:06.076 INFO [localhost-startStop-1] org.apache.catalina.startup.HostConfig.deployDirectory Déploiement du répertoire /home/infoetu/haliprer/git/ProjetSecurite/tomcat8/webapps/ROOT de l'application web
01-Mar-2017 10:53:06.143 INFO [localhost-startStop-1] org.apache.jasper.servlet.TldScanner.scanJars At least one JAR was scanned for TLDs yet contained no TLDs. Enable debug logging for this logger for a complete list of JARs that were scanned but no TLDs were found in them. Skipping unneeded JARs during scanning can improve startup time and JSP compilation time.
01-Mar-2017 10:53:06.145 INFO [localhost-startStop-1] org.apache.catalina.startup.HostConfig.deployDirectory Deployment of web application directory /home/infoetu/haliprer/git/ProjetSecurite/tomcat8/webapps/ROOT has finished in 69 ms
01-Mar-2017 10:53:06.147 INFO [main] org.apache.coyote.AbstractProtocol.start Starting ProtocolHandler ["http-nio-8080"]
01-Mar-2017 10:53:06.152 INFO [main] org.apache.coyote.AbstractProtocol.start Starting ProtocolHandler ["ajp-nio-8009"]
01-Mar-2017 10:53:06.153 INFO [main] org.apache.catalina.startup.Catalina.start Server startup in 623 ms
01-Mar-2017 11:17:26.630 INFO [ContainerBackgroundProcessor[StandardEngine[Catalina]]] org.apache.catalina.core.StandardContext.reload Le rechargement du contexte [/vide] a démarré
01-Mar-2017 11:17:26.734 INFO [ContainerBackgroundProcessor[StandardEngine[Catalina]]] org.apache.catalina.core.StandardContext.reload Le rechargement de ce contexte est terminé
01-Mar-2017 11:37:27.282 INFO [main] org.apache.catalina.core.StandardServer.await A valid shutdown command was received via the shutdown port. Stopping the Server instance.
01-Mar-2017 11:37:27.283 INFO [main] org.apache.coyote.AbstractProtocol.pause Pausing ProtocolHandler ["http-nio-8080"]
01-Mar-2017 11:37:27.335 INFO [main] org.apache.coyote.AbstractProtocol.pause Pausing ProtocolHandler ["ajp-nio-8009"]
01-Mar-2017 11:37:27.386 INFO [main] org.apache.catalina.core.StandardService.stopInternal Arrêt du service Catalina
01-Mar-2017 11:37:27.414 INFO [main] org.apache.coyote.AbstractProtocol.stop Stopping ProtocolHandler ["http-nio-8080"]
01-Mar-2017 11:37:27.416 INFO [main] org.apache.coyote.AbstractProtocol.stop Stopping ProtocolHandler ["ajp-nio-8009"]
01-Mar-2017 11:37:27.417 INFO [main] org.apache.coyote.AbstractProtocol.destroy Destroying ProtocolHandler ["http-nio-8080"]
01-Mar-2017 11:37:27.417 INFO [main] org.apache.coyote.AbstractProtocol.destroy Destroying ProtocolHandler ["ajp-nio-8009"]
01-Mar-2017 11:37:29.181 INFO [main] org.apache.catalina.core.AprLifecycleListener.init The APR based Apache Tomcat Native library which allows optimal performance in production environments was not found on the java.library.path: /usr/java/packages/lib/amd64:/usr/lib64:/lib64:/lib:/usr/lib
01-Mar-2017 11:37:29.326 INFO [main] org.apache.coyote.AbstractProtocol.init Initializing ProtocolHandler ["http-nio-8080"]
01-Mar-2017 11:37:29.336 INFO [main] org.apache.tomcat.util.net.NioSelectorPool.getSharedSelector Using a shared selector for servlet write/read
01-Mar-2017 11:37:29.338 INFO [main] org.apache.coyote.AbstractProtocol.init Initializing ProtocolHandler ["ajp-nio-8009"]
01-Mar-2017 11:37:29.339 INFO [main] org.apache.tomcat.util.net.NioSelectorPool.getSharedSelector Using a shared selector for servlet write/read
01-Mar-2017 11:37:29.339 INFO [main] org.apache.catalina.startup.Catalina.load Initialization processed in 366 ms
01-Mar-2017 11:37:29.355 INFO [main] org.apache.catalina.core.StandardService.startInternal Démarrage du service Catalina
01-Mar-2017 11:37:29.355 INFO [main] org.apache.catalina.core.StandardEngine.startInternal Starting Servlet Engine: Apache Tomcat/8.0.12
01-Mar-2017 11:37:29.361 INFO [localhost-startStop-1] org.apache.catalina.startup.HostConfig.deployDirectory Déploiement du répertoire /home/infoetu/haliprer/git/ProjetSecurite/tomcat8/webapps/vide de l'application web
01-Mar-2017 11:37:29.648 INFO [localhost-startStop-1] org.apache.jasper.servlet.TldScanner.scanJars At least one JAR was scanned for TLDs yet contained no TLDs. Enable debug logging for this logger for a complete list of JARs that were scanned but no TLDs were found in them. Skipping unneeded JARs during scanning can improve startup time and JSP compilation time.
01-Mar-2017 11:37:29.705 INFO [localhost-startStop-1] org.apache.catalina.startup.HostConfig.deployDirectory Deployment of web application directory /home/infoetu/haliprer/git/ProjetSecurite/tomcat8/webapps/vide has finished in 343 ms
01-Mar-2017 11:37:29.705 INFO [localhost-startStop-1] org.apache.catalina.startup.HostConfig.deployDirectory Déploiement du répertoire /home/infoetu/haliprer/git/ProjetSecurite/tomcat8/webapps/manager de l'application web
01-Mar-2017 11:37:29.815 INFO [localhost-startStop-1] org.apache.jasper.servlet.TldScanner.scanJars At least one JAR was scanned for TLDs yet contained no TLDs. Enable debug logging for this logger for a complete list of JARs that were scanned but no TLDs were found in them. Skipping unneeded JARs during scanning can improve startup time and JSP compilation time.
01-Mar-2017 11:37:29.820 INFO [localhost-startStop-1] org.apache.catalina.startup.HostConfig.deployDirectory Deployment of web application directory /home/infoetu/haliprer/git/ProjetSecurite/tomcat8/webapps/manager has finished in 115 ms
01-Mar-2017 11:37:29.821 INFO [localhost-startStop-1] org.apache.catalina.startup.HostConfig.deployDirectory Déploiement du répertoire /home/infoetu/haliprer/git/ProjetSecurite/tomcat8/webapps/host-manager de l'application web
01-Mar-2017 11:37:29.923 INFO [localhost-startStop-1] org.apache.jasper.servlet.TldScanner.scanJars At least one JAR was scanned for TLDs yet contained no TLDs. Enable debug logging for this logger for a complete list of JARs that were scanned but no TLDs were found in them. Skipping unneeded JARs during scanning can improve startup time and JSP compilation time.
01-Mar-2017 11:37:29.926 INFO [localhost-startStop-1] org.apache.catalina.startup.HostConfig.deployDirectory Deployment of web application directory /home/infoetu/haliprer/git/ProjetSecurite/tomcat8/webapps/host-manager has finished in 105 ms
01-Mar-2017 11:37:29.926 INFO [localhost-startStop-1] org.apache.catalina.startup.HostConfig.deployDirectory Déploiement du répertoire /home/infoetu/haliprer/git/ProjetSecurite/tomcat8/webapps/ROOT de l'application web
01-Mar-2017 11:37:30.031 INFO [localhost-startStop-1] org.apache.jasper.servlet.TldScanner.scanJars At least one JAR was scanned for TLDs yet contained no TLDs. Enable debug logging for this logger for a complete list of JARs that were scanned but no TLDs were found in them. Skipping unneeded JARs during scanning can improve startup time and JSP compilation time.
01-Mar-2017 11:37:30.033 INFO [localhost-startStop-1] org.apache.catalina.startup.HostConfig.deployDirectory Deployment of web application directory /home/infoetu/haliprer/git/ProjetSecurite/tomcat8/webapps/ROOT has finished in 107 ms
01-Mar-2017 11:37:30.035 INFO [main] org.apache.coyote.AbstractProtocol.start Starting ProtocolHandler ["http-nio-8080"]
01-Mar-2017 11:37:30.040 INFO [main] org.apache.coyote.AbstractProtocol.start Starting ProtocolHandler ["ajp-nio-8009"]
01-Mar-2017 11:37:30.049 INFO [main] org.apache.catalina.startup.Catalina.start Server startup in 709 ms
01-Mar-2017 11:47:40.252 INFO [ContainerBackgroundProcessor[StandardEngine[Catalina]]] org.apache.catalina.core.StandardContext.reload Le rechargement du contexte [/vide] a démarré
01-Mar-2017 11:47:40.397 INFO [ContainerBackgroundProcessor[StandardEngine[Catalina]]] org.apache.catalina.core.StandardContext.reload Le rechargement de ce contexte est terminé
01-Mar-2017 11:50:40.783 INFO [main] org.apache.catalina.core.StandardServer.await A valid shutdown command was received via the shutdown port. Stopping the Server instance.
01-Mar-2017 11:50:40.784 INFO [main] org.apache.coyote.AbstractProtocol.pause Pausing ProtocolHandler ["http-nio-8080"]
01-Mar-2017 11:50:40.836 INFO [main] org.apache.coyote.AbstractProtocol.pause Pausing ProtocolHandler ["ajp-nio-8009"]
01-Mar-2017 11:50:40.887 INFO [main] org.apache.catalina.core.StandardService.stopInternal Arrêt du service Catalina
01-Mar-2017 11:50:40.910 INFO [main] org.apache.coyote.AbstractProtocol.stop Stopping ProtocolHandler ["http-nio-8080"]
01-Mar-2017 11:50:40.912 INFO [main] org.apache.coyote.AbstractProtocol.stop Stopping ProtocolHandler ["ajp-nio-8009"]
01-Mar-2017 11:50:40.948 INFO [main] org.apache.coyote.AbstractProtocol.destroy Destroying ProtocolHandler ["http-nio-8080"]
01-Mar-2017 11:50:40.949 INFO [main] org.apache.coyote.AbstractProtocol.destroy Destroying ProtocolHandler ["ajp-nio-8009"]
01-Mar-2017 14:02:33.543 INFO [main] org.apache.catalina.core.AprLifecycleListener.init The APR based Apache Tomcat Native library which allows optimal performance in production environments was not found on the java.library.path: /usr/java/packages/lib/amd64:/usr/lib64:/lib64:/lib:/usr/lib
01-Mar-2017 14:02:33.703 INFO [main] org.apache.coyote.AbstractProtocol.init Initializing ProtocolHandler ["http-nio-8080"]
01-Mar-2017 14:02:33.718 INFO [main] org.apache.tomcat.util.net.NioSelectorPool.getSharedSelector Using a shared selector for servlet write/read
01-Mar-2017 14:02:33.720 INFO [main] org.apache.coyote.AbstractProtocol.init Initializing ProtocolHandler ["ajp-nio-8009"]
01-Mar-2017 14:02:33.721 INFO [main] org.apache.tomcat.util.net.NioSelectorPool.getSharedSelector Using a shared selector for servlet write/read
01-Mar-2017 14:02:33.722 INFO [main] org.apache.catalina.startup.Catalina.load Initialization processed in 452 ms
01-Mar-2017 14:02:33.744 INFO [main] org.apache.catalina.core.StandardService.startInternal Démarrage du service Catalina
01-Mar-2017 14:02:33.744 INFO [main] org.apache.catalina.core.StandardEngine.startInternal Starting Servlet Engine: Apache Tomcat/8.0.12
01-Mar-2017 14:02:33.753 INFO [localhost-startStop-1] org.apache.catalina.startup.HostConfig.deployDirectory Déploiement du répertoire /home/infoetu/haliprer/git/ProjetSecurite/tomcat8/webapps/vide de l'application web
01-Mar-2017 14:02:34.091 INFO [localhost-startStop-1] org.apache.jasper.servlet.TldScanner.scanJars At least one JAR was scanned for TLDs yet contained no TLDs. Enable debug logging for this logger for a complete list of JARs that were scanned but no TLDs were found in them. Skipping unneeded JARs during scanning can improve startup time and JSP compilation time.
01-Mar-2017 14:02:34.149 INFO [localhost-startStop-1] org.apache.catalina.startup.HostConfig.deployDirectory Deployment of web application directory /home/infoetu/haliprer/git/ProjetSecurite/tomcat8/webapps/vide has finished in 394 ms
01-Mar-2017 14:02:34.149 INFO [localhost-startStop-1] org.apache.catalina.startup.HostConfig.deployDirectory Déploiement du répertoire /home/infoetu/haliprer/git/ProjetSecurite/tomcat8/webapps/manager de l'application web
01-Mar-2017 14:02:34.262 INFO [localhost-startStop-1] org.apache.jasper.servlet.TldScanner.scanJars At least one JAR was scanned for TLDs yet contained no TLDs. Enable debug logging for this logger for a complete list of JARs that were scanned but no TLDs were found in them. Skipping unneeded JARs during scanning can improve startup time and JSP compilation time.
01-Mar-2017 14:02:34.267 INFO [localhost-startStop-1] org.apache.catalina.startup.HostConfig.deployDirectory Deployment of web application directory /home/infoetu/haliprer/git/ProjetSecurite/tomcat8/webapps/manager has finished in 118 ms
01-Mar-2017 14:02:34.267 INFO [localhost-startStop-1] org.apache.catalina.startup.HostConfig.deployDirectory Déploiement du répertoire /home/infoetu/haliprer/git/ProjetSecurite/tomcat8/webapps/host-manager de l'application web
01-Mar-2017 14:02:34.382 INFO [localhost-startStop-1] org.apache.jasper.servlet.TldScanner.scanJars At least one JAR was scanned for TLDs yet contained no TLDs. Enable debug logging for this logger for a complete list of JARs that were scanned but no TLDs were found in them. Skipping unneeded JARs during scanning can improve startup time and JSP compilation time.
01-Mar-2017 14:02:34.384 INFO [localhost-startStop-1] org.apache.catalina.startup.HostConfig.deployDirectory Deployment of web application directory /home/infoetu/haliprer/git/ProjetSecurite/tomcat8/webapps/host-manager has finished in 117 ms
01-Mar-2017 14:02:34.384 INFO [localhost-startStop-1] org.apache.catalina.startup.HostConfig.deployDirectory Déploiement du répertoire /home/infoetu/haliprer/git/ProjetSecurite/tomcat8/webapps/ROOT de l'application web
01-Mar-2017 14:02:34.484 INFO [localhost-startStop-1] org.apache.jasper.servlet.TldScanner.scanJars At least one JAR was scanned for TLDs yet contained no TLDs. Enable debug logging for this logger for a complete list of JARs that were scanned but no TLDs were found in them. Skipping unneeded JARs during scanning can improve startup time and JSP compilation time.
01-Mar-2017 14:02:34.486 INFO [localhost-startStop-1] org.apache.catalina.startup.HostConfig.deployDirectory Deployment of web application directory /home/infoetu/haliprer/git/ProjetSecurite/tomcat8/webapps/ROOT has finished in 102 ms
01-Mar-2017 14:02:34.488 INFO [main] org.apache.coyote.AbstractProtocol.start Starting ProtocolHandler ["http-nio-8080"]
01-Mar-2017 14:02:34.497 INFO [main] org.apache.coyote.AbstractProtocol.start Starting ProtocolHandler ["ajp-nio-8009"]
01-Mar-2017 14:02:34.498 INFO [main] org.apache.catalina.startup.Catalina.start Server startup in 775 ms
01-Mar-2017 14:11:51.538 INFO [main] org.apache.catalina.core.StandardServer.await A valid shutdown command was received via the shutdown port. Stopping the Server instance.
01-Mar-2017 14:11:51.539 INFO [main] org.apache.coyote.AbstractProtocol.pause Pausing ProtocolHandler ["http-nio-8080"]
01-Mar-2017 14:11:51.591 INFO [main] org.apache.coyote.AbstractProtocol.pause Pausing ProtocolHandler ["ajp-nio-8009"]
01-Mar-2017 14:11:51.641 INFO [main] org.apache.catalina.core.StandardService.stopInternal Arrêt du service Catalina
01-Mar-2017 14:11:51.677 INFO [main] org.apache.coyote.AbstractProtocol.stop Stopping ProtocolHandler ["http-nio-8080"]
01-Mar-2017 14:11:51.679 INFO [main] org.apache.coyote.AbstractProtocol.stop Stopping ProtocolHandler ["ajp-nio-8009"]
01-Mar-2017 14:11:51.679 INFO [main] org.apache.coyote.AbstractProtocol.destroy Destroying ProtocolHandler ["http-nio-8080"]
01-Mar-2017 14:11:51.680 INFO [main] org.apache.coyote.AbstractProtocol.destroy Destroying ProtocolHandler ["ajp-nio-8009"]
01-Mar-2017 14:11:53.167 INFO [main] org.apache.catalina.core.AprLifecycleListener.init The APR based Apache Tomcat Native library which allows optimal performance in production environments was not found on the java.library.path: /usr/java/packages/lib/amd64:/usr/lib64:/lib64:/lib:/usr/lib
01-Mar-2017 14:11:53.315 INFO [main] org.apache.coyote.AbstractProtocol.init Initializing ProtocolHandler ["http-nio-8080"]
01-Mar-2017 14:11:53.326 INFO [main] org.apache.tomcat.util.net.NioSelectorPool.getSharedSelector Using a shared selector for servlet write/read
01-Mar-2017 14:11:53.328 INFO [main] org.apache.coyote.AbstractProtocol.init Initializing ProtocolHandler ["ajp-nio-8009"]
01-Mar-2017 14:11:53.329 INFO [main] org.apache.tomcat.util.net.NioSelectorPool.getSharedSelector Using a shared selector for servlet write/read
01-Mar-2017 14:11:53.330 INFO [main] org.apache.catalina.startup.Catalina.load Initialization processed in 372 ms
01-Mar-2017 14:11:53.347 INFO [main] org.apache.catalina.core.StandardService.startInternal Démarrage du service Catalina
01-Mar-2017 14:11:53.347 INFO [main] org.apache.catalina.core.StandardEngine.startInternal Starting Servlet Engine: Apache Tomcat/8.0.12
01-Mar-2017 14:11:53.354 INFO [localhost-startStop-1] org.apache.catalina.startup.HostConfig.deployDirectory Déploiement du répertoire /home/infoetu/haliprer/git/ProjetSecurite/tomcat8/webapps/vide de l'application web
01-Mar-2017 14:11:53.643 INFO [localhost-startStop-1] org.apache.jasper.servlet.TldScanner.scanJars At least one JAR was scanned for TLDs yet contained no TLDs. Enable debug logging for this logger for a complete list of JARs that were scanned but no TLDs were found in them. Skipping unneeded JARs during scanning can improve startup time and JSP compilation time.
01-Mar-2017 14:11:53.703 INFO [localhost-startStop-1] org.apache.catalina.startup.HostConfig.deployDirectory Deployment of web application directory /home/infoetu/haliprer/git/ProjetSecurite/tomcat8/webapps/vide has finished in 346 ms
01-Mar-2017 14:11:53.703 INFO [localhost-startStop-1] org.apache.catalina.startup.HostConfig.deployDirectory Déploiement du répertoire /home/infoetu/haliprer/git/ProjetSecurite/tomcat8/webapps/manager de l'application web
01-Mar-2017 14:11:53.815 INFO [localhost-startStop-1] org.apache.jasper.servlet.TldScanner.scanJars At least one JAR was scanned for TLDs yet contained no TLDs. Enable debug logging for this logger for a complete list of JARs that were scanned but no TLDs were found in them. Skipping unneeded JARs during scanning can improve startup time and JSP compilation time.
01-Mar-2017 14:11:53.820 INFO [localhost-startStop-1] org.apache.catalina.startup.HostConfig.deployDirectory Deployment of web application directory /home/infoetu/haliprer/git/ProjetSecurite/tomcat8/webapps/manager has finished in 117 ms
01-Mar-2017 14:11:53.820 INFO [localhost-startStop-1] org.apache.catalina.startup.HostConfig.deployDirectory Déploiement du répertoire /home/infoetu/haliprer/git/ProjetSecurite/tomcat8/webapps/host-manager de l'application web
01-Mar-2017 14:11:53.922 INFO [localhost-startStop-1] org.apache.jasper.servlet.TldScanner.scanJars At least one JAR was scanned for TLDs yet contained no TLDs. Enable debug logging for this logger for a complete list of JARs that were scanned but no TLDs were found in them. Skipping unneeded JARs during scanning can improve startup time and JSP compilation time.
01-Mar-2017 14:11:53.925 INFO [localhost-startStop-1] org.apache.catalina.startup.HostConfig.deployDirectory Deployment of web application directory /home/infoetu/haliprer/git/ProjetSecurite/tomcat8/webapps/host-manager has finished in 105 ms
01-Mar-2017 14:11:53.925 INFO [localhost-startStop-1] org.apache.catalina.startup.HostConfig.deployDirectory Déploiement du répertoire /home/infoetu/haliprer/git/ProjetSecurite/tomcat8/webapps/ROOT de l'application web
01-Mar-2017 14:11:54.035 INFO [localhost-startStop-1] org.apache.jasper.servlet.TldScanner.scanJars At least one JAR was scanned for TLDs yet contained no TLDs. Enable debug logging for this logger for a complete list of JARs that were scanned but no TLDs were found in them. Skipping unneeded JARs during scanning can improve startup time and JSP compilation time.
01-Mar-2017 14:11:54.038 INFO [localhost-startStop-1] org.apache.catalina.startup.HostConfig.deployDirectory Deployment of web application directory /home/infoetu/haliprer/git/ProjetSecurite/tomcat8/webapps/ROOT has finished in 113 ms
01-Mar-2017 14:11:54.040 INFO [main] org.apache.coyote.AbstractProtocol.start Starting ProtocolHandler ["http-nio-8080"]
01-Mar-2017 14:11:54.044 INFO [main] org.apache.coyote.AbstractProtocol.start Starting ProtocolHandler ["ajp-nio-8009"]
01-Mar-2017 14:11:54.044 INFO [main] org.apache.catalina.startup.Catalina.start Server startup in 714 ms
01-Mar-2017 14:22:14.261 INFO [ContainerBackgroundProcessor[StandardEngine[Catalina]]] org.apache.catalina.core.StandardContext.reload Le rechargement du contexte [/vide] a démarré
01-Mar-2017 14:22:14.401 INFO [ContainerBackgroundProcessor[StandardEngine[Catalina]]] org.apache.catalina.core.StandardContext.reload Le rechargement de ce contexte est terminé
01-Mar-2017 17:04:27.349 WARNING [main] org.apache.catalina.startup.ClassLoaderFactory.validateFile Problem with JAR file [/home/infoetu/haliprer/git/ProjetSecurite/tomcat8/lib/psql.jar], exists: [false], canRead: [false]
01-Mar-2017 17:04:27.356 WARNING [main] org.apache.catalina.startup.ClassLoaderFactory.validateFile Problem with JAR file [/home/infoetu/haliprer/git/ProjetSecurite/tomcat8/lib/psql.jar], exists: [false], canRead: [false]
01-Mar-2017 17:04:27.567 INFO [main] org.apache.catalina.core.AprLifecycleListener.init The APR based Apache Tomcat Native library which allows optimal performance in production environments was not found on the java.library.path: /usr/java/packages/lib/amd64:/usr/lib64:/lib64:/lib:/usr/lib
01-Mar-2017 17:04:27.700 INFO [main] org.apache.coyote.AbstractProtocol.init Initializing ProtocolHandler ["http-nio-8080"]
01-Mar-2017 17:04:27.709 INFO [main] org.apache.tomcat.util.net.NioSelectorPool.getSharedSelector Using a shared selector for servlet write/read
01-Mar-2017 17:04:27.711 INFO [main] org.apache.coyote.AbstractProtocol.init Initializing ProtocolHandler ["ajp-nio-8009"]
01-Mar-2017 17:04:27.712 INFO [main] org.apache.tomcat.util.net.NioSelectorPool.getSharedSelector Using a shared selector for servlet write/read
01-Mar-2017 17:04:27.713 INFO [main] org.apache.catalina.startup.Catalina.load Initialization processed in 320 ms
01-Mar-2017 17:04:27.728 INFO [main] org.apache.catalina.core.StandardService.startInternal Démarrage du service Catalina
01-Mar-2017 17:04:27.728 INFO [main] org.apache.catalina.core.StandardEngine.startInternal Starting Servlet Engine: Apache Tomcat/8.0.12
01-Mar-2017 17:04:27.734 INFO [localhost-startStop-1] org.apache.catalina.startup.HostConfig.deployDirectory Déploiement du répertoire /home/infoetu/haliprer/git/ProjetSecurite/tomcat8/webapps/vide de l'application web
01-Mar-2017 17:04:27.943 INFO [localhost-startStop-1] org.apache.jasper.servlet.TldScanner.scanJars At least one JAR was scanned for TLDs yet contained no TLDs. Enable debug logging for this logger for a complete list of JARs that were scanned but no TLDs were found in them. Skipping unneeded JARs during scanning can improve startup time and JSP compilation time.
01-Mar-2017 17:04:27.975 INFO [localhost-startStop-1] org.apache.catalina.startup.HostConfig.deployDirectory Deployment of web application directory /home/infoetu/haliprer/git/ProjetSecurite/tomcat8/webapps/vide has finished in 240 ms
01-Mar-2017 17:04:27.975 INFO [localhost-startStop-1] org.apache.catalina.startup.HostConfig.deployDirectory Déploiement du répertoire /home/infoetu/haliprer/git/ProjetSecurite/tomcat8/webapps/manager de l'application web
01-Mar-2017 17:04:28.051 INFO [localhost-startStop-1] org.apache.jasper.servlet.TldScanner.scanJars At least one JAR was scanned for TLDs yet contained no TLDs. Enable debug logging for this logger for a complete list of JARs that were scanned but no TLDs were found in them. Skipping unneeded JARs during scanning can improve startup time and JSP compilation time.
01-Mar-2017 17:04:28.055 INFO [localhost-startStop-1] org.apache.catalina.startup.HostConfig.deployDirectory Deployment of web application directory /home/infoetu/haliprer/git/ProjetSecurite/tomcat8/webapps/manager has finished in 80 ms
01-Mar-2017 17:04:28.056 INFO [localhost-startStop-1] org.apache.catalina.startup.HostConfig.deployDirectory Déploiement du répertoire /home/infoetu/haliprer/git/ProjetSecurite/tomcat8/webapps/host-manager de l'application web
01-Mar-2017 17:04:28.108 INFO [localhost-startStop-1] org.apache.jasper.servlet.TldScanner.scanJars At least one JAR was scanned for TLDs yet contained no TLDs. Enable debug logging for this logger for a complete list of JARs that were scanned but no TLDs were found in them. Skipping unneeded JARs during scanning can improve startup time and JSP compilation time.
01-Mar-2017 17:04:28.109 INFO [localhost-startStop-1] org.apache.catalina.startup.HostConfig.deployDirectory Deployment of web application directory /home/infoetu/haliprer/git/ProjetSecurite/tomcat8/webapps/host-manager has finished in 54 ms
01-Mar-2017 17:04:28.110 INFO [localhost-startStop-1] org.apache.catalina.startup.HostConfig.deployDirectory Déploiement du répertoire /home/infoetu/haliprer/git/ProjetSecurite/tomcat8/webapps/ROOT de l'application web
01-Mar-2017 17:04:28.157 INFO [localhost-startStop-1] org.apache.jasper.servlet.TldScanner.scanJars At least one JAR was scanned for TLDs yet contained no TLDs. Enable debug logging for this logger for a complete list of JARs that were scanned but no TLDs were found in them. Skipping unneeded JARs during scanning can improve startup time and JSP compilation time.
01-Mar-2017 17:04:28.158 INFO [localhost-startStop-1] org.apache.catalina.startup.HostConfig.deployDirectory Deployment of web application directory /home/infoetu/haliprer/git/ProjetSecurite/tomcat8/webapps/ROOT has finished in 48 ms
01-Mar-2017 17:04:28.160 INFO [main] org.apache.coyote.AbstractProtocol.start Starting ProtocolHandler ["http-nio-8080"]
01-Mar-2017 17:04:28.164 INFO [main] org.apache.coyote.AbstractProtocol.start Starting ProtocolHandler ["ajp-nio-8009"]
01-Mar-2017 17:04:28.166 INFO [main] org.apache.catalina.startup.Catalina.start Server startup in 453 ms
01-Mar-2017 17:23:29.541 INFO [main] org.apache.catalina.core.StandardServer.await A valid shutdown command was received via the shutdown port. Stopping the Server instance.
01-Mar-2017 17:23:29.542 INFO [main] org.apache.coyote.AbstractProtocol.pause Pausing ProtocolHandler ["http-nio-8080"]
01-Mar-2017 17:23:29.594 INFO [main] org.apache.coyote.AbstractProtocol.pause Pausing ProtocolHandler ["ajp-nio-8009"]
01-Mar-2017 17:23:29.644 INFO [main] org.apache.catalina.core.StandardService.stopInternal Arrêt du service Catalina
01-Mar-2017 17:23:29.664 INFO [main] org.apache.coyote.AbstractProtocol.stop Stopping ProtocolHandler ["http-nio-8080"]
01-Mar-2017 17:23:29.665 INFO [main] org.apache.coyote.AbstractProtocol.stop Stopping ProtocolHandler ["ajp-nio-8009"]
01-Mar-2017 17:23:29.666 INFO [main] org.apache.coyote.AbstractProtocol.destroy Destroying ProtocolHandler ["http-nio-8080"]
01-Mar-2017 17:23:29.666 INFO [main] org.apache.coyote.AbstractProtocol.destroy Destroying ProtocolHandler ["ajp-nio-8009"]
01-Mar-2017 17:23:33.245 WARNING [main] org.apache.catalina.startup.ClassLoaderFactory.validateFile Problem with JAR file [/home/infoetu/haliprer/git/ProjetSecurite/tomcat8/lib/psql.jar], exists: [false], canRead: [false]
01-Mar-2017 17:23:33.249 WARNING [main] org.apache.catalina.startup.ClassLoaderFactory.validateFile Problem with JAR file [/home/infoetu/haliprer/git/ProjetSecurite/tomcat8/lib/psql.jar], exists: [false], canRead: [false]
01-Mar-2017 17:23:33.431 INFO [main] org.apache.catalina.core.AprLifecycleListener.init The APR based Apache Tomcat Native library which allows optimal performance in production environments was not found on the java.library.path: /usr/java/packages/lib/amd64:/usr/lib64:/lib64:/lib:/usr/lib
01-Mar-2017 17:23:33.555 INFO [main] org.apache.coyote.AbstractProtocol.init Initializing ProtocolHandler ["http-nio-8080"]
01-Mar-2017 17:23:33.564 INFO [main] org.apache.tomcat.util.net.NioSelectorPool.getSharedSelector Using a shared selector for servlet write/read
01-Mar-2017 17:23:33.566 INFO [main] org.apache.coyote.AbstractProtocol.init Initializing ProtocolHandler ["ajp-nio-8009"]
01-Mar-2017 17:23:33.567 INFO [main] org.apache.tomcat.util.net.NioSelectorPool.getSharedSelector Using a shared selector for servlet write/read
01-Mar-2017 17:23:33.567 INFO [main] org.apache.catalina.startup.Catalina.load Initialization processed in 302 ms
01-Mar-2017 17:23:33.582 INFO [main] org.apache.catalina.core.StandardService.startInternal Démarrage du service Catalina
01-Mar-2017 17:23:33.582 INFO [main] org.apache.catalina.core.StandardEngine.startInternal Starting Servlet Engine: Apache Tomcat/8.0.12
01-Mar-2017 17:23:33.588 INFO [localhost-startStop-1] org.apache.catalina.startup.HostConfig.deployDirectory Déploiement du répertoire /home/infoetu/haliprer/git/ProjetSecurite/tomcat8/webapps/vide de l'application web
01-Mar-2017 17:23:33.785 INFO [localhost-startStop-1] org.apache.jasper.servlet.TldScanner.scanJars At least one JAR was scanned for TLDs yet contained no TLDs. Enable debug logging for this logger for a complete list of JARs that were scanned but no TLDs were found in them. Skipping unneeded JARs during scanning can improve startup time and JSP compilation time.
01-Mar-2017 17:23:33.824 INFO [localhost-startStop-1] org.apache.catalina.startup.HostConfig.deployDirectory Deployment of web application directory /home/infoetu/haliprer/git/ProjetSecurite/tomcat8/webapps/vide has finished in 235 ms
01-Mar-2017 17:23:33.825 INFO [localhost-startStop-1] org.apache.catalina.startup.HostConfig.deployDirectory Déploiement du répertoire /home/infoetu/haliprer/git/ProjetSecurite/tomcat8/webapps/manager de l'application web
01-Mar-2017 17:23:33.897 INFO [localhost-startStop-1] org.apache.jasper.servlet.TldScanner.scanJars At least one JAR was scanned for TLDs yet contained no TLDs. Enable debug logging for this logger for a complete list of JARs that were scanned but no TLDs were found in them. Skipping unneeded JARs during scanning can improve startup time and JSP compilation time.
01-Mar-2017 17:23:33.900 INFO [localhost-startStop-1] org.apache.catalina.startup.HostConfig.deployDirectory Deployment of web application directory /home/infoetu/haliprer/git/ProjetSecurite/tomcat8/webapps/manager has finished in 75 ms
01-Mar-2017 17:23:33.901 INFO [localhost-startStop-1] org.apache.catalina.startup.HostConfig.deployDirectory Déploiement du répertoire /home/infoetu/haliprer/git/ProjetSecurite/tomcat8/webapps/host-manager de l'application web
01-Mar-2017 17:23:33.951 INFO [localhost-startStop-1] org.apache.jasper.servlet.TldScanner.scanJars At least one JAR was scanned for TLDs yet contained no TLDs. Enable debug logging for this logger for a complete list of JARs that were scanned but no TLDs were found in them. Skipping unneeded JARs during scanning can improve startup time and JSP compilation time.
01-Mar-2017 17:23:33.953 INFO [localhost-startStop-1] org.apache.catalina.startup.HostConfig.deployDirectory Deployment of web application directory /home/infoetu/haliprer/git/ProjetSecurite/tomcat8/webapps/host-manager has finished in 51 ms
01-Mar-2017 17:23:33.953 INFO [localhost-startStop-1] org.apache.catalina.startup.HostConfig.deployDirectory Déploiement du répertoire /home/infoetu/haliprer/git/ProjetSecurite/tomcat8/webapps/ROOT de l'application web
01-Mar-2017 17:23:33.999 INFO [localhost-startStop-1] org.apache.jasper.servlet.TldScanner.scanJars At least one JAR was scanned for TLDs yet contained no TLDs. Enable debug logging for this logger for a complete list of JARs that were scanned but no TLDs were found in them. Skipping unneeded JARs during scanning can improve startup time and JSP compilation time.
01-Mar-2017 17:23:34.000 INFO [localhost-startStop-1] org.apache.catalina.startup.HostConfig.deployDirectory Deployment of web application directory /home/infoetu/haliprer/git/ProjetSecurite/tomcat8/webapps/ROOT has finished in 47 ms
01-Mar-2017 17:23:34.002 INFO [main] org.apache.coyote.AbstractProtocol.start Starting ProtocolHandler ["http-nio-8080"]
01-Mar-2017 17:23:34.005 INFO [main] org.apache.coyote.AbstractProtocol.start Starting ProtocolHandler ["ajp-nio-8009"]
01-Mar-2017 17:23:34.009 INFO [main] org.apache.catalina.startup.Catalina.start Server startup in 441 ms
01-Mar-2017 17:25:36.277 INFO [main] org.apache.catalina.core.StandardServer.await A valid shutdown command was received via the shutdown port. Stopping the Server instance.
01-Mar-2017 17:25:36.278 INFO [main] org.apache.coyote.AbstractProtocol.pause Pausing ProtocolHandler ["http-nio-8080"]
01-Mar-2017 17:25:36.330 INFO [main] org.apache.coyote.AbstractProtocol.pause Pausing ProtocolHandler ["ajp-nio-8009"]
01-Mar-2017 17:25:36.380 INFO [main] org.apache.catalina.core.StandardService.stopInternal Arrêt du service Catalina
01-Mar-2017 17:25:36.399 INFO [main] org.apache.coyote.AbstractProtocol.stop Stopping ProtocolHandler ["http-nio-8080"]
01-Mar-2017 17:25:36.400 INFO [main] org.apache.coyote.AbstractProtocol.stop Stopping ProtocolHandler ["ajp-nio-8009"]
01-Mar-2017 17:25:36.400 INFO [main] org.apache.coyote.AbstractProtocol.destroy Destroying ProtocolHandler ["http-nio-8080"]
01-Mar-2017 17:25:36.400 INFO [main] org.apache.coyote.AbstractProtocol.destroy Destroying ProtocolHandler ["ajp-nio-8009"]
01-Mar-2017 17:25:37.161 WARNING [main] org.apache.catalina.startup.ClassLoaderFactory.validateFile Problem with JAR file [/home/infoetu/haliprer/git/ProjetSecurite/tomcat8/lib/psql.jar], exists: [false], canRead: [false]
01-Mar-2017 17:25:37.164 WARNING [main] org.apache.catalina.startup.ClassLoaderFactory.validateFile Problem with JAR file [/home/infoetu/haliprer/git/ProjetSecurite/tomcat8/lib/psql.jar], exists: [false], canRead: [false]
01-Mar-2017 17:25:37.350 INFO [main] org.apache.catalina.core.AprLifecycleListener.init The APR based Apache Tomcat Native library which allows optimal performance in production environments was not found on the java.library.path: /usr/java/packages/lib/amd64:/usr/lib64:/lib64:/lib:/usr/lib
01-Mar-2017 17:25:37.478 INFO [main] org.apache.coyote.AbstractProtocol.init Initializing ProtocolHandler ["http-nio-8080"]
01-Mar-2017 17:25:37.488 INFO [main] org.apache.tomcat.util.net.NioSelectorPool.getSharedSelector Using a shared selector for servlet write/read
01-Mar-2017 17:25:37.489 INFO [main] org.apache.coyote.AbstractProtocol.init Initializing ProtocolHandler ["ajp-nio-8009"]
01-Mar-2017 17:25:37.490 INFO [main] org.apache.tomcat.util.net.NioSelectorPool.getSharedSelector Using a shared selector for servlet write/read
01-Mar-2017 17:25:37.491 INFO [main] org.apache.catalina.startup.Catalina.load Initialization processed in 308 ms
01-Mar-2017 17:25:37.506 INFO [main] org.apache.catalina.core.StandardService.startInternal Démarrage du service Catalina
01-Mar-2017 17:25:37.506 INFO [main] org.apache.catalina.core.StandardEngine.startInternal Starting Servlet Engine: Apache Tomcat/8.0.12
01-Mar-2017 17:25:37.512 INFO [localhost-startStop-1] org.apache.catalina.startup.HostConfig.deployDirectory Déploiement du répertoire /home/infoetu/haliprer/git/ProjetSecurite/tomcat8/webapps/vide de l'application web
01-Mar-2017 17:25:37.719 INFO [localhost-startStop-1] org.apache.jasper.servlet.TldScanner.scanJars At least one JAR was scanned for TLDs yet contained no TLDs. Enable debug logging for this logger for a complete list of JARs that were scanned but no TLDs were found in them. Skipping unneeded JARs during scanning can improve startup time and JSP compilation time.
01-Mar-2017 17:25:37.757 INFO [localhost-startStop-1] org.apache.catalina.startup.HostConfig.deployDirectory Deployment of web application directory /home/infoetu/haliprer/git/ProjetSecurite/tomcat8/webapps/vide has finished in 243 ms
01-Mar-2017 17:25:37.757 INFO [localhost-startStop-1] org.apache.catalina.startup.HostConfig.deployDirectory Déploiement du répertoire /home/infoetu/haliprer/git/ProjetSecurite/tomcat8/webapps/manager de l'application web
01-Mar-2017 17:25:37.831 INFO [localhost-startStop-1] org.apache.jasper.servlet.TldScanner.scanJars At least one JAR was scanned for TLDs yet contained no TLDs. Enable debug logging for this logger for a complete list of JARs that were scanned but no TLDs were found in them. Skipping unneeded JARs during scanning can improve startup time and JSP compilation time.
01-Mar-2017 17:25:37.835 INFO [localhost-startStop-1] org.apache.catalina.startup.HostConfig.deployDirectory Deployment of web application directory /home/infoetu/haliprer/git/ProjetSecurite/tomcat8/webapps/manager has finished in 78 ms
01-Mar-2017 17:25:37.835 INFO [localhost-startStop-1] org.apache.catalina.startup.HostConfig.deployDirectory Déploiement du répertoire /home/infoetu/haliprer/git/ProjetSecurite/tomcat8/webapps/host-manager de l'application web
01-Mar-2017 17:25:37.884 INFO [localhost-startStop-1] org.apache.jasper.servlet.TldScanner.scanJars At least one JAR was scanned for TLDs yet contained no TLDs. Enable debug logging for this logger for a complete list of JARs that were scanned but no TLDs were found in them. Skipping unneeded JARs during scanning can improve startup time and JSP compilation time.
01-Mar-2017 17:25:37.886 INFO [localhost-startStop-1] org.apache.catalina.startup.HostConfig.deployDirectory Deployment of web application directory /home/infoetu/haliprer/git/ProjetSecurite/tomcat8/webapps/host-manager has finished in 51 ms
01-Mar-2017 17:25:37.886 INFO [localhost-startStop-1] org.apache.catalina.startup.HostConfig.deployDirectory Déploiement du répertoire /home/infoetu/haliprer/git/ProjetSecurite/tomcat8/webapps/ROOT de l'application web
01-Mar-2017 17:25:37.932 INFO [localhost-startStop-1] org.apache.jasper.servlet.TldScanner.scanJars At least one JAR was scanned for TLDs yet contained no TLDs. Enable debug logging for this logger for a complete list of JARs that were scanned but no TLDs were found in them. Skipping unneeded JARs during scanning can improve startup time and JSP compilation time.
01-Mar-2017 17:25:37.934 INFO [localhost-startStop-1] org.apache.catalina.startup.HostConfig.deployDirectory Deployment of web application directory /home/infoetu/haliprer/git/ProjetSecurite/tomcat8/webapps/ROOT has finished in 48 ms
01-Mar-2017 17:25:37.936 INFO [main] org.apache.coyote.AbstractProtocol.start Starting ProtocolHandler ["http-nio-8080"]
01-Mar-2017 17:25:37.943 INFO [main] org.apache.coyote.AbstractProtocol.start Starting ProtocolHandler ["ajp-nio-8009"]
01-Mar-2017 17:25:37.944 INFO [main] org.apache.catalina.startup.Catalina.start Server startup in 453 ms
01-Mar-2017 17:25:47.938 INFO [ContainerBackgroundProcessor[StandardEngine[Catalina]]] org.apache.catalina.core.StandardContext.reload Le rechargement du contexte [/vide] a démarré
01-Mar-2017 17:25:48.048 INFO [ContainerBackgroundProcessor[StandardEngine[Catalina]]] org.apache.catalina.core.StandardContext.reload Le rechargement de ce contexte est terminé
01-Mar-2017 17:26:10.570 INFO [main] org.apache.catalina.core.StandardServer.await A valid shutdown command was received via the shutdown port. Stopping the Server instance.
01-Mar-2017 17:26:10.570 INFO [main] org.apache.coyote.AbstractProtocol.pause Pausing ProtocolHandler ["http-nio-8080"]
01-Mar-2017 17:26:10.622 INFO [main] org.apache.coyote.AbstractProtocol.pause Pausing ProtocolHandler ["ajp-nio-8009"]
01-Mar-2017 17:26:10.672 INFO [main] org.apache.catalina.core.StandardService.stopInternal Arrêt du service Catalina
01-Mar-2017 17:26:10.689 INFO [main] org.apache.coyote.AbstractProtocol.stop Stopping ProtocolHandler ["http-nio-8080"]
01-Mar-2017 17:26:10.690 INFO [main] org.apache.coyote.AbstractProtocol.stop Stopping ProtocolHandler ["ajp-nio-8009"]
01-Mar-2017 17:26:10.691 INFO [main] org.apache.coyote.AbstractProtocol.destroy Destroying ProtocolHandler ["http-nio-8080"]
01-Mar-2017 17:26:10.691 INFO [main] org.apache.coyote.AbstractProtocol.destroy Destroying ProtocolHandler ["ajp-nio-8009"]
01-Mar-2017 17:26:11.322 WARNING [main] org.apache.catalina.startup.ClassLoaderFactory.validateFile Problem with JAR file [/home/infoetu/haliprer/git/ProjetSecurite/tomcat8/lib/psql.jar], exists: [false], canRead: [false]
01-Mar-2017 17:26:11.326 WARNING [main] org.apache.catalina.startup.ClassLoaderFactory.validateFile Problem with JAR file [/home/infoetu/haliprer/git/ProjetSecurite/tomcat8/lib/psql.jar], exists: [false], canRead: [false]
01-Mar-2017 17:26:11.514 INFO [main] org.apache.catalina.core.AprLifecycleListener.init The APR based Apache Tomcat Native library which allows optimal performance in production environments was not found on the java.library.path: /usr/java/packages/lib/amd64:/usr/lib64:/lib64:/lib:/usr/lib
01-Mar-2017 17:26:11.651 INFO [main] org.apache.coyote.AbstractProtocol.init Initializing ProtocolHandler ["http-nio-8080"]
01-Mar-2017 17:26:11.660 INFO [main] org.apache.tomcat.util.net.NioSelectorPool.getSharedSelector Using a shared selector for servlet write/read
01-Mar-2017 17:26:11.662 INFO [main] org.apache.coyote.AbstractProtocol.init Initializing ProtocolHandler ["ajp-nio-8009"]
01-Mar-2017 17:26:11.663 INFO [main] org.apache.tomcat.util.net.NioSelectorPool.getSharedSelector Using a shared selector for servlet write/read
01-Mar-2017 17:26:11.664 INFO [main] org.apache.catalina.startup.Catalina.load Initialization processed in 320 ms
01-Mar-2017 17:26:11.677 INFO [main] org.apache.catalina.core.StandardService.startInternal Démarrage du service Catalina
01-Mar-2017 17:26:11.677 INFO [main] org.apache.catalina.core.StandardEngine.startInternal Starting Servlet Engine: Apache Tomcat/8.0.12
01-Mar-2017 17:26:11.682 INFO [localhost-startStop-1] org.apache.catalina.startup.HostConfig.deployDirectory Déploiement du répertoire /home/infoetu/haliprer/git/ProjetSecurite/tomcat8/webapps/vide de l'application web
01-Mar-2017 17:26:11.873 INFO [localhost-startStop-1] org.apache.jasper.servlet.TldScanner.scanJars At least one JAR was scanned for TLDs yet contained no TLDs. Enable debug logging for this logger for a complete list of JARs that were scanned but no TLDs were found in them. Skipping unneeded JARs during scanning can improve startup time and JSP compilation time.
01-Mar-2017 17:26:11.910 INFO [localhost-startStop-1] org.apache.catalina.startup.HostConfig.deployDirectory Deployment of web application directory /home/infoetu/haliprer/git/ProjetSecurite/tomcat8/webapps/vide has finished in 227 ms
01-Mar-2017 17:26:11.910 INFO [localhost-startStop-1] org.apache.catalina.startup.HostConfig.deployDirectory Déploiement du répertoire /home/infoetu/haliprer/git/ProjetSecurite/tomcat8/webapps/manager de l'application web
01-Mar-2017 17:26:11.978 INFO [localhost-startStop-1] org.apache.jasper.servlet.TldScanner.scanJars At least one JAR was scanned for TLDs yet contained no TLDs. Enable debug logging for this logger for a complete list of JARs that were scanned but no TLDs were found in them. Skipping unneeded JARs during scanning can improve startup time and JSP compilation time.
01-Mar-2017 17:26:11.981 INFO [localhost-startStop-1] org.apache.catalina.startup.HostConfig.deployDirectory Deployment of web application directory /home/infoetu/haliprer/git/ProjetSecurite/tomcat8/webapps/manager has finished in 71 ms
01-Mar-2017 17:26:11.982 INFO [localhost-startStop-1] org.apache.catalina.startup.HostConfig.deployDirectory Déploiement du répertoire /home/infoetu/haliprer/git/ProjetSecurite/tomcat8/webapps/host-manager de l'application web
01-Mar-2017 17:26:12.030 INFO [localhost-startStop-1] org.apache.jasper.servlet.TldScanner.scanJars At least one JAR was scanned for TLDs yet contained no TLDs. Enable debug logging for this logger for a complete list of JARs that were scanned but no TLDs were found in them. Skipping unneeded JARs during scanning can improve startup time and JSP compilation time.
01-Mar-2017 17:26:12.032 INFO [localhost-startStop-1] org.apache.catalina.startup.HostConfig.deployDirectory Deployment of web application directory /home/infoetu/haliprer/git/ProjetSecurite/tomcat8/webapps/host-manager has finished in 50 ms
01-Mar-2017 17:26:12.032 INFO [localhost-startStop-1] org.apache.catalina.startup.HostConfig.deployDirectory Déploiement du répertoire /home/infoetu/haliprer/git/ProjetSecurite/tomcat8/webapps/ROOT de l'application web
01-Mar-2017 17:26:12.077 INFO [localhost-startStop-1] org.apache.jasper.servlet.TldScanner.scanJars At least one JAR was scanned for TLDs yet contained no TLDs. Enable debug logging for this logger for a complete list of JARs that were scanned but no TLDs were found in them. Skipping unneeded JARs during scanning can improve startup time and JSP compilation time.
01-Mar-2017 17:26:12.078 INFO [localhost-startStop-1] org.apache.catalina.startup.HostConfig.deployDirectory Deployment of web application directory /home/infoetu/haliprer/git/ProjetSecurite/tomcat8/webapps/ROOT has finished in 46 ms
01-Mar-2017 17:26:12.080 INFO [main] org.apache.coyote.AbstractProtocol.start Starting ProtocolHandler ["http-nio-8080"]
01-Mar-2017 17:26:12.083 INFO [main] org.apache.coyote.AbstractProtocol.start Starting ProtocolHandler ["ajp-nio-8009"]
01-Mar-2017 17:26:12.084 INFO [main] org.apache.catalina.startup.Catalina.start Server startup in 420 ms
01-Mar-2017 17:26:40.266 INFO [main] org.apache.catalina.core.StandardServer.await A valid shutdown command was received via the shutdown port. Stopping the Server instance.
01-Mar-2017 17:26:40.267 INFO [main] org.apache.coyote.AbstractProtocol.pause Pausing ProtocolHandler ["http-nio-8080"]
01-Mar-2017 17:26:40.318 INFO [main] org.apache.coyote.AbstractProtocol.pause Pausing ProtocolHandler ["ajp-nio-8009"]
01-Mar-2017 17:26:40.369 INFO [main] org.apache.catalina.core.StandardService.stopInternal Arrêt du service Catalina
01-Mar-2017 17:26:40.389 INFO [main] org.apache.coyote.AbstractProtocol.stop Stopping ProtocolHandler ["http-nio-8080"]
01-Mar-2017 17:26:40.390 INFO [main] org.apache.coyote.AbstractProtocol.stop Stopping ProtocolHandler ["ajp-nio-8009"]
01-Mar-2017 17:26:40.391 INFO [main] org.apache.coyote.AbstractProtocol.destroy Destroying ProtocolHandler ["http-nio-8080"]
01-Mar-2017 17:26:40.391 INFO [main] org.apache.coyote.AbstractProtocol.destroy Destroying ProtocolHandler ["ajp-nio-8009"]
01-Mar-2017 17:26:41.090 WARNING [main] org.apache.catalina.startup.ClassLoaderFactory.validateFile Problem with JAR file [/home/infoetu/haliprer/git/ProjetSecurite/tomcat8/lib/psql.jar], exists: [false], canRead: [false]
01-Mar-2017 17:26:41.093 WARNING [main] org.apache.catalina.startup.ClassLoaderFactory.validateFile Problem with JAR file [/home/infoetu/haliprer/git/ProjetSecurite/tomcat8/lib/psql.jar], exists: [false], canRead: [false]
01-Mar-2017 17:26:41.283 INFO [main] org.apache.catalina.core.AprLifecycleListener.init The APR based Apache Tomcat Native library which allows optimal performance in production environments was not found on the java.library.path: /usr/java/packages/lib/amd64:/usr/lib64:/lib64:/lib:/usr/lib
01-Mar-2017 17:26:41.412 INFO [main] org.apache.coyote.AbstractProtocol.init Initializing ProtocolHandler ["http-nio-8080"]
01-Mar-2017 17:26:41.422 INFO [main] org.apache.tomcat.util.net.NioSelectorPool.getSharedSelector Using a shared selector for servlet write/read
01-Mar-2017 17:26:41.423 INFO [main] org.apache.coyote.AbstractProtocol.init Initializing ProtocolHandler ["ajp-nio-8009"]
01-Mar-2017 17:26:41.424 INFO [main] org.apache.tomcat.util.net.NioSelectorPool.getSharedSelector Using a shared selector for servlet write/read
01-Mar-2017 17:26:41.425 INFO [main] org.apache.catalina.startup.Catalina.load Initialization processed in 313 ms
01-Mar-2017 17:26:41.439 INFO [main] org.apache.catalina.core.StandardService.startInternal Démarrage du service Catalina
01-Mar-2017 17:26:41.439 INFO [main] org.apache.catalina.core.StandardEngine.startInternal Starting Servlet Engine: Apache Tomcat/8.0.12
01-Mar-2017 17:26:41.446 INFO [localhost-startStop-1] org.apache.catalina.startup.HostConfig.deployDirectory Déploiement du répertoire /home/infoetu/haliprer/git/ProjetSecurite/tomcat8/webapps/vide de l'application web
01-Mar-2017 17:26:41.640 INFO [localhost-startStop-1] org.apache.jasper.servlet.TldScanner.scanJars At least one JAR was scanned for TLDs yet contained no TLDs. Enable debug logging for this logger for a complete list of JARs that were scanned but no TLDs were found in them. Skipping unneeded JARs during scanning can improve startup time and JSP compilation time.
01-Mar-2017 17:26:41.680 INFO [localhost-startStop-1] org.apache.catalina.startup.HostConfig.deployDirectory Deployment of web application directory /home/infoetu/haliprer/git/ProjetSecurite/tomcat8/webapps/vide has finished in 233 ms
01-Mar-2017 17:26:41.681 INFO [localhost-startStop-1] org.apache.catalina.startup.HostConfig.deployDirectory Déploiement du répertoire /home/infoetu/haliprer/git/ProjetSecurite/tomcat8/webapps/manager de l'application web
01-Mar-2017 17:26:41.752 INFO [localhost-startStop-1] org.apache.jasper.servlet.TldScanner.scanJars At least one JAR was scanned for TLDs yet contained no TLDs. Enable debug logging for this logger for a complete list of JARs that were scanned but no TLDs were found in them. Skipping unneeded JARs during scanning can improve startup time and JSP compilation time.
01-Mar-2017 17:26:41.756 INFO [localhost-startStop-1] org.apache.catalina.startup.HostConfig.deployDirectory Deployment of web application directory /home/infoetu/haliprer/git/ProjetSecurite/tomcat8/webapps/manager has finished in 76 ms
01-Mar-2017 17:26:41.756 INFO [localhost-startStop-1] org.apache.catalina.startup.HostConfig.deployDirectory Déploiement du répertoire /home/infoetu/haliprer/git/ProjetSecurite/tomcat8/webapps/host-manager de l'application web
01-Mar-2017 17:26:41.807 INFO [localhost-startStop-1] org.apache.jasper.servlet.TldScanner.scanJars At least one JAR was scanned for TLDs yet contained no TLDs. Enable debug logging for this logger for a complete list of JARs that were scanned but no TLDs were found in them. Skipping unneeded JARs during scanning can improve startup time and JSP compilation time.
01-Mar-2017 17:26:41.809 INFO [localhost-startStop-1] org.apache.catalina.startup.HostConfig.deployDirectory Deployment of web application directory /home/infoetu/haliprer/git/ProjetSecurite/tomcat8/webapps/host-manager has finished in 53 ms
01-Mar-2017 17:26:41.810 INFO [localhost-startStop-1] org.apache.catalina.startup.HostConfig.deployDirectory Déploiement du répertoire /home/infoetu/haliprer/git/ProjetSecurite/tomcat8/webapps/ROOT de l'application web
01-Mar-2017 17:26:41.856 INFO [localhost-startStop-1] org.apache.jasper.servlet.TldScanner.scanJars At least one JAR was scanned for TLDs yet contained no TLDs. Enable debug logging for this logger for a complete list of JARs that were scanned but no TLDs were found in them. Skipping unneeded JARs during scanning can improve startup time and JSP compilation time.
01-Mar-2017 17:26:41.858 INFO [localhost-startStop-1] org.apache.catalina.startup.HostConfig.deployDirectory Deployment of web application directory /home/infoetu/haliprer/git/ProjetSecurite/tomcat8/webapps/ROOT has finished in 48 ms
01-Mar-2017 17:26:41.860 INFO [main] org.apache.coyote.AbstractProtocol.start Starting ProtocolHandler ["http-nio-8080"]
01-Mar-2017 17:26:41.863 INFO [main] org.apache.coyote.AbstractProtocol.start Starting ProtocolHandler ["ajp-nio-8009"]
01-Mar-2017 17:26:41.864 INFO [main] org.apache.catalina.startup.Catalina.start Server startup in 438 ms
01-Mar-2017 17:26:57.747 INFO [main] org.apache.catalina.core.StandardServer.await A valid shutdown command was received via the shutdown port. Stopping the Server instance.
01-Mar-2017 17:26:57.748 INFO [main] org.apache.coyote.AbstractProtocol.pause Pausing ProtocolHandler ["http-nio-8080"]
01-Mar-2017 17:26:57.799 INFO [main] org.apache.coyote.AbstractProtocol.pause Pausing ProtocolHandler ["ajp-nio-8009"]
01-Mar-2017 17:26:57.850 INFO [main] org.apache.catalina.core.StandardService.stopInternal Arrêt du service Catalina
01-Mar-2017 17:26:57.878 INFO [main] org.apache.coyote.AbstractProtocol.stop Stopping ProtocolHandler ["http-nio-8080"]
01-Mar-2017 17:26:57.879 INFO [main] org.apache.coyote.AbstractProtocol.stop Stopping ProtocolHandler ["ajp-nio-8009"]
01-Mar-2017 17:26:57.879 INFO [main] org.apache.coyote.AbstractProtocol.destroy Destroying ProtocolHandler ["http-nio-8080"]
01-Mar-2017 17:26:57.879 INFO [main] org.apache.coyote.AbstractProtocol.destroy Destroying ProtocolHandler ["ajp-nio-8009"]
01-Mar-2017 21:00:01.078 INFO [Thread-5] org.apache.coyote.AbstractProtocol.pause Pausing ProtocolHandler ["http-nio-8080"]
01-Mar-2017 21:00:01.085 INFO [Thread-5] org.apache.coyote.AbstractProtocol.pause Pausing ProtocolHandler ["ajp-nio-8009"]
01-Mar-2017 21:00:01.086 INFO [Thread-5] org.apache.catalina.core.StandardService.stopInternal Arrêt du service Catalina
01-Mar-2017 21:00:01.174 INFO [Thread-5] org.apache.coyote.AbstractProtocol.stop Stopping ProtocolHandler ["http-nio-8080"]
01-Mar-2017 21:00:01.177 INFO [Thread-5] org.apache.coyote.AbstractProtocol.stop Stopping ProtocolHandler ["ajp-nio-8009"]
01-Mar-2017 21:00:01.178 INFO [Thread-5] org.apache.coyote.AbstractProtocol.destroy Destroying ProtocolHandler ["http-nio-8080"]
01-Mar-2017 21:00:01.179 INFO [Thread-5] org.apache.coyote.AbstractProtocol.destroy Destroying ProtocolHandler ["ajp-nio-8009"]
